<?xml version="1.0" encoding="UTF-8"?>
<testsuite name="de.sayayi.lib.message.MessageTest" tests="2" skipped="0" failures="0" errors="0" timestamp="2019-03-04T22:49:01" hostname="ATS-1" time="0.012">
  <properties/>
  <testcase name="testParseMultiLocale" classname="de.sayayi.lib.message.MessageTest" time="0.008"/>
  <testcase name="testParse1" classname="de.sayayi.lib.message.MessageTest" time="0.004"/>
  <system-out><![CDATA[]]></system-out>
  <system-err><![CDATA[]]></system-err>
</testsuite>
