<?xml version="1.0" encoding="UTF-8"?>
<testsuite name="de.sayayi.lib.message.MessageAnnotationTest" tests="6" skipped="0" failures="0" errors="0" timestamp="2019-03-04T22:49:01" hostname="ATS-1" time="0.07">
  <properties/>
  <testcase name="testEmptyMessageWithCode" classname="de.sayayi.lib.message.MessageAnnotationTest" time="0.037"/>
  <testcase name="testSingleMessageWithLocale" classname="de.sayayi.lib.message.MessageAnnotationTest" time="0.032"/>
  <testcase name="testMessageWithoutLocale" classname="de.sayayi.lib.message.MessageAnnotationTest" time="0.0"/>
  <testcase name="testInvalidLocale" classname="de.sayayi.lib.message.MessageAnnotationTest" time="0.001"/>
  <testcase name="testLocaleSelection" classname="de.sayayi.lib.message.MessageAnnotationTest" time="0.0"/>
  <testcase name="testEmptyMessageNoCode" classname="de.sayayi.lib.message.MessageAnnotationTest" time="0.0"/>
  <system-out><![CDATA[]]></system-out>
  <system-err><![CDATA[]]></system-err>
</testsuite>
